837		rampaging projectile rabbit training
171		consumer grade flower acquisition
813		colorful bunny purchasing
271		unstable basket customer service
318		radioactive plastic grass workshop
295		international chocolate receiving
143		rampaging dye user testing
224		classified rabbit development
190		weaponized dye shipping
886		cryogenic rabbit technology
940		unstable flower workshop
391		corrosive flower training
428		classified candy storage
926		magnetic bunny analysis
711		unstable flower training
384		corrosive scavenger hunt analysis
168		classified candy coating department
325		cryogenic candy storage
122		projectile scavenger hunt engineering
229		magnetic military grade egg storage
500		fuzzy cryogenic basket laboratory
147		fuzzy plastic grass user testing
745		unstable flower design
480		international rabbit customer service
451		military grade biohazardous candy technology
341		fuzzy basket user testing
637		unstable dye research
621		classified dye storage
458		consumer grade chocolate training
697		magnetic jellybean development
952		projectile candy coating containment
582		top secret projectile plastic grass research
148		colorful bunny department
822		rampaging military grade candy coating operations
385		biohazardous jellybean development
823		top secret jellybean research
374		cryogenic bunny research
714		magnetic plastic grass management
805		military grade chocolate purchasing
396		top secret chocolate marketing
927		fuzzy candy research
216		weaponized jellybean shipping
616		rampaging scavenger hunt reacquisition
323		military grade flower marketing
448		biohazardous plastic grass training
930		classified rabbit operations
782		magnetic candy coating workshop
422		international scavenger hunt marketing
916		projectile scavenger hunt acquisition
684		fuzzy scavenger hunt acquisition
116		rampaging chocolate design
291		unstable basket marketing
828		magnetic consumer grade basket user testing
928		biohazardous plastic grass customer service
562		unstable weaponized chocolate receiving
563		consumer grade rabbit receiving
433		fuzzy flower receiving
829		colorful basket storage
266		top secret basket financing
330		international egg laboratory
441		corrosive basket user testing
775		rampaging jellybean sales
272		international plastic grass sales
218		consumer grade scavenger hunt training
177		magnetic flower workshop
373		top secret candy deployment
886		cryogenic basket financing
954		biohazardous dye design
246		corrosive rabbit sales
287		cryogenic scavenger hunt design
662		cryogenic rabbit workshop
464		rampaging scavenger hunt acquisition
569		radioactive bunny purchasing
673		magnetic plastic grass logistics
524		biohazardous jellybean engineering
228		weaponized chocolate department
640		international plastic grass containment
365		rampaging classified plastic grass acquisition
482		international dye purchasing
354		weaponized rampaging bunny receiving
456		consumer grade weaponized rabbit user testing
697		unstable chocolate acquisition
557		weaponized egg containment
756		unstable flower sales
817		cryogenic basket management
826		consumer grade flower customer service
552		military grade fuzzy candy user testing
751		weaponized egg logistics
405		rampaging chocolate logistics
722		magnetic scavenger hunt laboratory
946		rampaging rabbit technology
773		consumer grade rampaging chocolate research
653		fuzzy basket analysis
534		classified egg services
687		biohazardous cryogenic rabbit research
958		weaponized jellybean containment
138		fuzzy bunny deployment
210		magnetic chocolate research
484		consumer grade candy engineering
888		unstable flower storage
509		international basket analysis
241		magnetic plastic grass workshop
590		weaponized candy storage
340		biohazardous plastic grass technology
864		projectile dye laboratory
815		consumer grade basket research
410		top secret scavenger hunt technology
674		cryogenic dye deployment
729		fuzzy candy coating reacquisition
465		fuzzy weaponized basket user testing
725		cryogenic plastic grass management
608		cryogenic jellybean customer service
679		consumer grade candy user testing
248		consumer grade chocolate department
552		unstable candy coating reacquisition
298		cryogenic rabbit financing
103		cryogenic scavenger hunt laboratory
846		international chocolate purchasing
361		weaponized candy department
830		corrosive candy shipping
900		cryogenic colorful candy coating operations
162		fuzzy dye sales
115		classified magnetic plastic grass management
680		corrosive plastic grass reacquisition
638		unstable bunny workshop
243		corrosive unstable chocolate shipping
894		cryogenic chocolate analysis
747		magnetic classified candy operations
150		rampaging plastic grass containment
696		fuzzy scavenger hunt design
954		unstable flower logistics
556		colorful jellybean department
621		international candy design
239		radioactive projectile plastic grass development
472		international basket laboratory
967		radioactive magnetic bunny management
965		projectile plastic grass analysis
704		cryogenic jellybean sales
830		unstable corrosive scavenger hunt analysis
940		military grade jellybean training
335		corrosive chocolate reacquisition
978		colorful bunny laboratory
606		biohazardous dye department
250		projectile bunny technology
821		fuzzy rabbit development
968		top secret candy coating research
987		rampaging jellybean technology
152		projectile plastic grass technology
129		international basket customer service
225		international scavenger hunt deployment
989		radioactive plastic grass sales
896		classified basket development
224		magnetic basket storage
542		rampaging egg storage
506		fuzzy unstable dye management
300		rampaging dye storage
481		biohazardous rabbit user testing
957		classified fuzzy plastic grass receiving
353		classified plastic grass customer service
443		cryogenic rabbit services
613		biohazardous dye user testing
351		top secret bunny research
892		colorful basket customer service
296		cryogenic rabbit laboratory
902		radioactive candy management
984		northpole object storage
387		projectile dye user testing
596		military grade scavenger hunt management
471		classified dye design
147		colorful basket analysis
440		cryogenic dye workshop
590		cryogenic basket marketing
644		colorful egg deployment
630		projectile candy coating engineering
509		colorful rabbit services
665		projectile candy coating operations
611		radioactive basket development
159		projectile flower analysis
517		military grade chocolate development
698		top secret basket containment
647		fuzzy flower engineering
915		fuzzy flower operations
530		rampaging basket storage
723		biohazardous dye financing
259		international candy coating laboratory
847		magnetic egg containment
184		unstable scavenger hunt financing
410		fuzzy plastic grass containment
641		projectile chocolate deployment
684		unstable candy coating financing
313		weaponized plastic grass sales
836		weaponized scavenger hunt analysis
248		unstable rabbit analysis
670		weaponized military grade rabbit research
204		projectile candy deployment
847		rampaging military grade plastic grass research
340		biohazardous candy coating development
931		military grade magnetic rabbit sales
827		weaponized bunny purchasing
733		top secret unstable flower operations
122		cryogenic dye department
118		magnetic flower shipping
989		weaponized basket marketing
654		unstable bunny training
928		unstable military grade plastic grass development
765		radioactive jellybean research
174		unstable chocolate technology
275		colorful candy storage
828		military grade chocolate containment
793		weaponized candy workshop
266		unstable egg research
613		colorful projectile plastic grass engineering
752		top secret scavenger hunt purchasing
421		colorful jellybean management
440		weaponized chocolate sales
399		corrosive dye engineering
792		rampaging candy coating laboratory
680		cryogenic scavenger hunt analysis
489		magnetic egg management
294		projectile basket logistics
772		unstable bunny reacquisition
849		fuzzy plastic grass management
968		military grade scavenger hunt containment
883		unstable flower operations
201		radioactive rabbit customer service
507		corrosive egg logistics
811		corrosive egg design
761		consumer grade classified candy coating financing
269		rampaging top secret flower shipping
807		corrosive chocolate user testing
282		magnetic dye training
865		biohazardous scavenger hunt purchasing
245		military grade weaponized rabbit storage
378		unstable scavenger hunt storage
725		classified candy containment
245		projectile basket engineering
563		military grade egg deployment
576		international egg operations
876		consumer grade chocolate marketing
417		military grade egg workshop
388		consumer grade jellybean training
133		unstable scavenger hunt customer service
704		weaponized scavenger hunt containment
829		projectile scavenger hunt containment
152		unstable egg customer service
632		military grade candy coating containment
684		magnetic candy coating deployment
222		fuzzy top secret jellybean deployment
233		international flower user testing
593		unstable jellybean user testing
348		radioactive dye engineering
951		consumer grade biohazardous bunny customer service
644		weaponized bunny analysis
142		colorful chocolate services
860		radioactive dye design
773		projectile chocolate laboratory
132		international dye research
700		biohazardous plastic grass analysis
685		magnetic scavenger hunt deployment
250		unstable rabbit deployment
205		military grade rabbit receiving
490		colorful bunny containment
862		colorful chocolate deployment
283		top secret egg workshop
109		biohazardous dye deployment
872		magnetic candy coating development
326		projectile chocolate logistics
219		radioactive egg workshop
574		international scavenger hunt research
640		fuzzy egg logistics
641		magnetic dye financing
187		weaponized candy coating financing
705		magnetic classified plastic grass marketing
521		consumer grade chocolate workshop
680		classified candy operations
721		colorful scavenger hunt containment
293		magnetic dye engineering
246		rampaging flower sales
434		projectile egg financing
227		weaponized scavenger hunt department
215		corrosive colorful chocolate financing
809		top secret jellybean operations
570		consumer grade bunny deployment
680		colorful bunny services
918		consumer grade plastic grass shipping
774		weaponized candy coating laboratory
603		biohazardous jellybean marketing
522		classified chocolate user testing
804		consumer grade rabbit development
402		unstable egg workshop
619		biohazardous basket shipping
164		projectile egg operations
431		colorful dye financing
838		rampaging plastic grass purchasing
955		magnetic basket marketing
937		top secret candy customer service
781		weaponized flower engineering
368		military grade bunny containment
974		projectile plastic grass operations
213		magnetic weaponized candy development
556		fuzzy cryogenic dye engineering
158		international flower storage
291		corrosive plastic grass workshop
541		corrosive consumer grade candy coating reacquisition
886		top secret weaponized egg research
805		cryogenic dye research
372		fuzzy bunny technology
788		biohazardous flower department
614		biohazardous candy development
319		colorful candy user testing
500		projectile scavenger hunt analysis
239		corrosive egg reacquisition
698		international plastic grass research
241		unstable flower shipping
333		projectile flower technology
541		rampaging plastic grass workshop
246		cryogenic dye user testing
786		corrosive candy reacquisition
795		magnetic plastic grass reacquisition
452		fuzzy basket reacquisition
798		rampaging dye services
517		unstable plastic grass development
507		biohazardous radioactive basket design
245		colorful candy coating laboratory
748		colorful scavenger hunt services
209		classified candy coating design
973		radioactive egg financing
596		top secret jellybean user testing
107		magnetic rabbit technology
978		biohazardous bunny shipping
713		magnetic candy customer service
140		colorful basket engineering
721		international flower design
894		classified cryogenic scavenger hunt training
337		colorful candy receiving
636		plastic grass research
379		weaponized egg receiving